This file contains any messages produced by compilers while
running configure, to aid debugging if configure makes a mistake.

It was created by intel-xe-drm configure 1.0, which was
generated by GNU Autoconf 2.72.  Invocation command line was

  $ ./configure --enable-linux-builtin --with-linux=/home/seos-backport/Work/git/akanksh5.drivers.gpu.kernel.backport-tools/xe-automation/akanksh5.drivers.gpu.kernel.backporting.headers

## --------- ##
## Platform. ##
## --------- ##

hostname = DUT2950ATSM
uname -m = x86_64
uname -r = 6.11.0-25-generic
uname -s = Linux
uname -v = #25-Ubuntu SMP PREEMPT_DYNAMIC Fri Apr 11 23:29:18 UTC 2025

/usr/bin/uname -p = x86_64
/bin/uname -X     = unknown

/bin/arch              = x86_64
/usr/bin/arch -k       = unknown
/usr/convex/getsysinfo = unknown
/usr/bin/hostinfo      = unknown
/bin/machine           = unknown
/usr/bin/oslevel       = unknown
/bin/universe          = unknown

PATH: /home/gta/bin/
PATH: /home/gta/.local/bin/
PATH: /home/gta/bin/
PATH: /home/gta/bin/
PATH: /usr/local/sbin/
PATH: /usr/local/bin/
PATH: /usr/sbin/
PATH: /usr/bin/
PATH: /sbin/
PATH: /bin/
PATH: /usr/games/
PATH: /usr/local/games/
PATH: /snap/bin/


## ----------- ##
## Core tests. ##
## ----------- ##

configure:2201: looking for aux files: compile missing install-sh
configure:2214:  trying ./src/
configure:2243:   ./src/compile found
configure:2243:   ./src/missing found
configure:2225:   ./src/install-sh found
configure:2381: checking for a BSD-compatible install
configure:2455: result: /usr/bin/install -c
configure:2466: checking whether build environment is sane
configure:2521: result: yes
configure:2682: checking for a race-free mkdir -p
configure:2725: result: /usr/bin/mkdir -p
configure:2732: checking for gawk
configure:2753: found /usr/bin/gawk
configure:2765: result: gawk
configure:2776: checking whether make sets $(MAKE)
configure:2800: result: yes
configure:2830: checking whether make supports nested variables
configure:2849: result: yes
configure:3049: checking for gcc
configure:3070: found /usr/bin/gcc
configure:3082: result: gcc
configure:3441: checking for C compiler version
configure:3450: gcc --version >&5
gcc (Ubuntu 11.5.0-1ubuntu1) 11.5.0
Copyright (C) 2021 Free Software Foundation, Inc.
This is free software; see the source for copying conditions.  There is NO
warranty; not even for MERCHANTABILITY or FITNESS FOR A PARTICULAR PURPOSE.

configure:3461: $? = 0
configure:3450: gcc -v >&5
Using built-in specs.
COLLECT_GCC=gcc
COLLECT_LTO_WRAPPER=/usr/lib/gcc/x86_64-linux-gnu/11/lto-wrapper
OFFLOAD_TARGET_NAMES=nvptx-none:amdgcn-amdhsa
OFFLOAD_TARGET_DEFAULT=1
Target: x86_64-linux-gnu
Configured with: ../src/configure -v --with-pkgversion='Ubuntu 11.5.0-1ubuntu1' --with-bugurl=file:///usr/share/doc/gcc-11/README.Bugs --enable-languages=c,ada,c++,go,brig,d,fortran,objc,obj-c++,m2 --prefix=/usr --with-gcc-major-version-only --program-suffix=-11 --program-prefix=x86_64-linux-gnu- --enable-shared --enable-linker-build-id --libexecdir=/usr/lib --without-included-gettext --enable-threads=posix --libdir=/usr/lib --enable-nls --enable-bootstrap --enable-clocale=gnu --enable-libstdcxx-debug --enable-libstdcxx-time=yes --with-default-libstdcxx-abi=new --enable-gnu-unique-object --disable-vtable-verify --enable-plugin --enable-default-pie --with-system-zlib --enable-libphobos-checking=release --with-target-system-zlib=auto --enable-objc-gc=auto --enable-multiarch --disable-werror --enable-cet --with-arch-32=i686 --with-abi=m64 --with-multilib-list=m32,m64,mx32 --enable-multilib --with-tune=generic --enable-offload-targets=nvptx-none=/build/gcc-11-1AL19a/gcc-11-11.5.0/debian/tmp-nvptx/usr,amdgcn-amdhsa=/build/gcc-11-1AL19a/gcc-11-11.5.0/debian/tmp-gcn/usr --without-cuda-driver --enable-checking=release --build=x86_64-linux-gnu --host=x86_64-linux-gnu --target=x86_64-linux-gnu --with-build-config=bootstrap-lto-lean --enable-link-serialization=2
Thread model: posix
Supported LTO compression algorithms: zlib zstd
gcc version 11.5.0 (Ubuntu 11.5.0-1ubuntu1) 
... rest of stderr output deleted ...
configure:3461: $? = 0
configure:3450: gcc -V >&5
gcc: error: unrecognized command-line option '-V'
gcc: fatal error: no input files
compilation terminated.
configure:3461: $? = 1
configure:3450: gcc -qversion >&5
gcc: error: unrecognized command-line option '-qversion'; did you mean '--version'?
gcc: fatal error: no input files
compilation terminated.
configure:3461: $? = 1
configure:3450: gcc -version >&5
gcc: error: unrecognized command-line option '-version'
gcc: fatal error: no input files
compilation terminated.
configure:3461: $? = 1
configure:3481: checking whether the C compiler works
configure:3503: gcc    conftest.c  >&5
configure:3507: $? = 0
configure:3558: result: yes
configure:3562: checking for C compiler default output file name
configure:3564: result: a.out
configure:3570: checking for suffix of executables
configure:3577: gcc -o conftest    conftest.c  >&5
configure:3581: $? = 0
configure:3605: result: 
configure:3629: checking whether we are cross compiling
configure:3637: gcc -o conftest    conftest.c  >&5
configure:3641: $? = 0
configure:3648: ./conftest
configure:3652: $? = 0
configure:3667: result: no
configure:3673: checking for suffix of object files
configure:3696: gcc -c   conftest.c >&5
configure:3700: $? = 0
configure:3724: result: o
configure:3728: checking whether the compiler supports GNU C
configure:3748: gcc -c   conftest.c >&5
configure:3748: $? = 0
configure:3760: result: yes
configure:3771: checking whether gcc accepts -g
configure:3792: gcc -c -g  conftest.c >&5
configure:3792: $? = 0
configure:3839: result: yes
configure:3859: checking for gcc option to enable C11 features
configure:3874: gcc  -c -g -O2  conftest.c >&5
configure:3874: $? = 0
configure:3893: result: none needed
configure:4017: checking whether gcc understands -c and -o together
configure:4040: gcc -c conftest.c -o conftest2.o
configure:4043: $? = 0
configure:4040: gcc -c conftest.c -o conftest2.o
configure:4043: $? = 0
configure:4056: result: yes
configure:4076: checking whether make supports the include directive
configure:4091: make -f confmf.GNU && cat confinc.out
this is the am__doit target
configure:4094: $? = 0
configure:4113: result: yes (GNU style)
configure:4139: checking dependency style of gcc
configure:4252: result: none
configure:4276: checking how to run the C preprocessor
configure:4302: gcc -E  conftest.c
configure:4302: $? = 0
configure:4318: gcc -E  conftest.c
conftest.c:11:10: fatal error: ac_nonexistent.h: No such file or directory
   11 | #include <ac_nonexistent.h>
      |          ^~~~~~~~~~~~~~~~~~
compilation terminated.
configure:4318: $? = 1
configure: failed program was:
| /* confdefs.h */
| #define PACKAGE_NAME "intel-xe-drm"
| #define PACKAGE_TARNAME "intel-xe-drm"
| #define PACKAGE_VERSION "1.0"
| #define PACKAGE_STRING "intel-xe-drm 1.0"
| #define PACKAGE_BUGREPORT "linux-graphics@intel.com"
| #define PACKAGE_URL ""
| #define PACKAGE "intel-xe-drm"
| #define VERSION "1.0"
| /* end confdefs.h.  */
| #include <ac_nonexistent.h>
configure:4347: result: gcc -E
configure:4361: gcc -E  conftest.c
configure:4361: $? = 0
configure:4377: gcc -E  conftest.c
conftest.c:11:10: fatal error: ac_nonexistent.h: No such file or directory
   11 | #include <ac_nonexistent.h>
      |          ^~~~~~~~~~~~~~~~~~
compilation terminated.
configure:4377: $? = 1
configure: failed program was:
| /* confdefs.h */
| #define PACKAGE_NAME "intel-xe-drm"
| #define PACKAGE_TARNAME "intel-xe-drm"
| #define PACKAGE_VERSION "1.0"
| #define PACKAGE_STRING "intel-xe-drm 1.0"
| #define PACKAGE_BUGREPORT "linux-graphics@intel.com"
| #define PACKAGE_URL ""
| #define PACKAGE "intel-xe-drm"
| #define VERSION "1.0"
| /* end confdefs.h.  */
| #include <ac_nonexistent.h>
configure:4438: checking kernel source directory
configure:4489: result: /home/seos-backport/Work/git/akanksh5.drivers.gpu.kernel.backport-tools/xe-automation/akanksh5.drivers.gpu.kernel.backporting.headers
configure:4501: checking kernel build directory
configure:4534: result: /home/seos-backport/Work/git/akanksh5.drivers.gpu.kernel.backport-tools/xe-automation/akanksh5.drivers.gpu.kernel.backporting.headers
configure:4537: checking kernel source version
configure:4591: result: 6.6.109
configure:4605: checking kernel file name for module symbols
configure:4639: result: Module.symvers
configure:4684: make conftest.o -C /home/seos-backport/Work/git/akanksh5.drivers.gpu.kernel.backport-tools/xe-automation/akanksh5.drivers.gpu.kernel.backporting.headers EXTRA_CFLAGS=-Werror -Wno-error=array-bounds M=/home/seos-backport/Work/git/akanksh5.drivers.gpu.kernel.backport-tools/xe-automation/akanksh5.xekmd-backports/releases/build_tSv4LkKB KBUILD_SRC= sub_make_done= KBUILD_MODPOST_NOFINAL=1 KBUILD_MODPOST_WARN=1
warning: the compiler differs from the one used to build the kernel
  The kernel was built by: gcc (Ubuntu 13.3.0-6ubuntu2~24.04) 13.3.0
  You are using:           gcc (Ubuntu 11.5.0-1ubuntu1) 11.5.0
gcc: error: unrecognized command-line option ‘-ftrivial-auto-var-init=zero’
make[2]: *** [scripts/Makefile.build:243: /home/seos-backport/Work/git/akanksh5.drivers.gpu.kernel.backport-tools/xe-automation/akanksh5.xekmd-backports/releases/build_tSv4LkKB/conftest.o] Error 1
make[1]: *** [/home/seos-backport/Work/git/akanksh5.drivers.gpu.kernel.backport-tools/xe-automation/akanksh5.drivers.gpu.kernel.backporting.headers/Makefile:1924: /home/seos-backport/Work/git/akanksh5.drivers.gpu.kernel.backport-tools/xe-automation/akanksh5.xekmd-backports/releases/build_tSv4LkKB] Error 2
make: *** [Makefile:234: __sub-make] Error 2
configure:4687: $? = 2
configure: failed program was:
| /* confdefs.h */
| #define PACKAGE_NAME "intel-xe-drm"
| #define PACKAGE_TARNAME "intel-xe-drm"
| #define PACKAGE_VERSION "1.0"
| #define PACKAGE_STRING "intel-xe-drm 1.0"
| #define PACKAGE_BUGREPORT "linux-graphics@intel.com"
| #define PACKAGE_URL ""
| #define PACKAGE "intel-xe-drm"
| #define VERSION "1.0"
| 
| 
| int
| main (void)
| {
| 
|   ;
|   return 0;
| }
| 
configure:4752: error: cannot detect CFLAGS...

## ---------------- ##
## Cache variables. ##
## ---------------- ##

ac_cv_c_compiler_gnu=yes
ac_cv_env_CC_set=
ac_cv_env_CC_value=
ac_cv_env_CFLAGS_set=
ac_cv_env_CFLAGS_value=
ac_cv_env_CPPFLAGS_set=
ac_cv_env_CPPFLAGS_value=
ac_cv_env_CPP_set=
ac_cv_env_CPP_value=
ac_cv_env_LDFLAGS_set=
ac_cv_env_LDFLAGS_value=
ac_cv_env_LIBS_set=
ac_cv_env_LIBS_value=
ac_cv_env_build_alias_set=
ac_cv_env_build_alias_value=
ac_cv_env_host_alias_set=
ac_cv_env_host_alias_value=
ac_cv_env_target_alias_set=
ac_cv_env_target_alias_value=
ac_cv_objext=o
ac_cv_path_install='/usr/bin/install -c'
ac_cv_path_mkdir=/usr/bin/mkdir
ac_cv_prog_AWK=gawk
ac_cv_prog_CPP='gcc -E'
ac_cv_prog_ac_ct_CC=gcc
ac_cv_prog_cc_c11=
ac_cv_prog_cc_g=yes
ac_cv_prog_cc_stdc=
ac_cv_prog_make_make_set=yes
am_cv_CC_dependencies_compiler_type=none
am_cv_make_support_nested_variables=yes
am_cv_prog_cc_c_o=yes

## ----------------- ##
## Output variables. ##
## ----------------- ##

ACLOCAL='${SHELL} '\''/home/seos-backport/Work/git/akanksh5.drivers.gpu.kernel.backport-tools/xe-automation/akanksh5.xekmd-backports/releases/src/missing'\'' aclocal-1.16'
AMDEPBACKSLASH='\'
AMDEP_FALSE='#'
AMDEP_TRUE=''
AMTAR='$${TAR-tar}'
AM_BACKSLASH='\'
AM_DEFAULT_V='$(AM_DEFAULT_VERBOSITY)'
AM_DEFAULT_VERBOSITY='1'
AM_V='$(V)'
AUTOCONF='${SHELL} '\''/home/seos-backport/Work/git/akanksh5.drivers.gpu.kernel.backport-tools/xe-automation/akanksh5.xekmd-backports/releases/src/missing'\'' autoconf'
AUTOHEADER='${SHELL} '\''/home/seos-backport/Work/git/akanksh5.drivers.gpu.kernel.backport-tools/xe-automation/akanksh5.xekmd-backports/releases/src/missing'\'' autoheader'
AUTOMAKE='${SHELL} '\''/home/seos-backport/Work/git/akanksh5.drivers.gpu.kernel.backport-tools/xe-automation/akanksh5.xekmd-backports/releases/src/missing'\'' automake-1.16'
AWK='gawk'
CC='gcc'
CCDEPMODE='depmode=none'
CFLAGS='-g -O2'
CPP='gcc -E'
CPPFLAGS=''
CSCOPE='cscope'
CTAGS='ctags'
CYGPATH_W='echo'
DEFS=''
DEPDIR='.deps'
DOLLAR_SIGN='$'
ECHO_C=''
ECHO_N='-n'
ECHO_T=''
ETAGS='etags'
EXEEXT=''
INSTALL_DATA='${INSTALL} -m 644'
INSTALL_PROGRAM='${INSTALL}'
INSTALL_SCRIPT='${INSTALL}'
INSTALL_STRIP_PROGRAM='$(install_sh) -c -s'
KERNEL_MAKE=''
LDFLAGS=''
LIBOBJS=''
LIBS=''
LINUX='/home/seos-backport/Work/git/akanksh5.drivers.gpu.kernel.backport-tools/xe-automation/akanksh5.drivers.gpu.kernel.backporting.headers'
LINUX_OBJ='/home/seos-backport/Work/git/akanksh5.drivers.gpu.kernel.backport-tools/xe-automation/akanksh5.drivers.gpu.kernel.backporting.headers'
LINUX_SYMBOLS='Module.symvers'
LINUX_VERSION='6.6.109'
LTLIBOBJS=''
MAKEINFO='${SHELL} '\''/home/seos-backport/Work/git/akanksh5.drivers.gpu.kernel.backport-tools/xe-automation/akanksh5.xekmd-backports/releases/src/missing'\'' makeinfo'
MKDIR_P='/usr/bin/mkdir -p'
NPROC=''
OBJEXT='o'
PACKAGE='intel-xe-drm'
PACKAGE_BUGREPORT='linux-graphics@intel.com'
PACKAGE_NAME='intel-xe-drm'
PACKAGE_STRING='intel-xe-drm 1.0'
PACKAGE_TARNAME='intel-xe-drm'
PACKAGE_URL=''
PACKAGE_VERSION='1.0'
PATH_SEPARATOR=':'
SET_MAKE=''
SHELL='/bin/bash'
STRIP=''
VERSION='1.0'
ac_ct_CC='gcc'
am__EXEEXT_FALSE=''
am__EXEEXT_TRUE=''
am__fastdepCC_FALSE=''
am__fastdepCC_TRUE='#'
am__include='include'
am__isrc=''
am__leading_dot='.'
am__nodep='_no'
am__quote=''
am__tar='$${TAR-tar} chof - "$$tardir"'
am__untar='$${TAR-tar} xf -'
bindir='${exec_prefix}/bin'
build_alias=''
datadir='${datarootdir}'
datarootdir='${prefix}/share'
docdir='${datarootdir}/doc/${PACKAGE_TARNAME}'
dvidir='${docdir}'
exec_prefix='NONE'
host_alias=''
htmldir='${docdir}'
includedir='${prefix}/include'
infodir='${datarootdir}/info'
install_sh='${SHELL} /home/seos-backport/Work/git/akanksh5.drivers.gpu.kernel.backport-tools/xe-automation/akanksh5.xekmd-backports/releases/src/install-sh'
libdir='${exec_prefix}/lib'
libexecdir='${exec_prefix}/libexec'
localedir='${datarootdir}/locale'
localstatedir='${prefix}/var'
mandir='${datarootdir}/man'
mkdir_p='$(MKDIR_P)'
oldincludedir='/usr/include'
pdfdir='${docdir}'
prefix='NONE'
program_transform_name='s,x,x,'
psdir='${docdir}'
runstatedir='${localstatedir}/run'
sbindir='${exec_prefix}/sbin'
sharedstatedir='${prefix}/com'
sysconfdir='${prefix}/etc'
target_alias=''

configure: exit 1
